{"C:\\Users\\Hp\\Videos\\Taller\\Banco\\BancoTaller\\src\\logica\\reglasBanco.js": {"path":"C:\\Users\\Hp\\Videos\\Taller\\Banco\\BancoTaller\\src\\logica\\reglasBanco.js","statementMap":{"0":{"start":{"line":1,"column":38},"end":{"line":1,"column":41}},"1":{"start":{"line":2,"column":39},"end":{"line":2,"column":42}},"2":{"start":{"line":5,"column":19},"end":{"line":5,"column":46}},"3":{"start":{"line":7,"column":2},"end":{"line":13,"column":3}},"4":{"start":{"line":8,"column":4},"end":{"line":12,"column":6}},"5":{"start":{"line":15,"column":2},"end":{"line":19,"column":4}},"6":{"start":{"line":23,"column":12},"end":{"line":23,"column":55}},"7":{"start":{"line":25,"column":2},"end":{"line":27,"column":3}},"8":{"start":{"line":26,"column":4},"end":{"line":26,"column":20}},"9":{"start":{"line":29,"column":2},"end":{"line":35,"column":5}},"10":{"start":{"line":30,"column":19},"end":{"line":30,"column":59}},"11":{"start":{"line":31,"column":15},"end":{"line":31,"column":53}},"12":{"start":{"line":32,"column":18},"end":{"line":32,"column":59}},"13":{"start":{"line":34,"column":4},"end":{"line":34,"column":69}},"14":{"start":{"line":39,"column":2},"end":{"line":44,"column":5}},"15":{"start":{"line":40,"column":20},"end":{"line":40,"column":50}},"16":{"start":{"line":41,"column":20},"end":{"line":41,"column":50}},"17":{"start":{"line":43,"column":4},"end":{"line":43,"column":42}},"18":{"start":{"line":48,"column":2},"end":{"line":51,"column":65}},"19":{"start":{"line":49,"column":22},"end":{"line":49,"column":47}},"20":{"start":{"line":51,"column":20},"end":{"line":51,"column":63}},"21":{"start":{"line":55,"column":24},"end":{"line":55,"column":37}},"22":{"start":{"line":56,"column":24},"end":{"line":56,"column":42}},"23":{"start":{"line":58,"column":2},"end":{"line":60,"column":3}},"24":{"start":{"line":59,"column":4},"end":{"line":59,"column":13}},"25":{"start":{"line":62,"column":2},"end":{"line":62,"column":39}},"26":{"start":{"line":71,"column":24},"end":{"line":71,"column":37}},"27":{"start":{"line":72,"column":24},"end":{"line":72,"column":42}},"28":{"start":{"line":73,"column":26},"end":{"line":73,"column":48}},"29":{"start":{"line":74,"column":26},"end":{"line":74,"column":51}},"30":{"start":{"line":76,"column":2},"end":{"line":87,"column":3}},"31":{"start":{"line":82,"column":4},"end":{"line":86,"column":6}},"32":{"start":{"line":89,"column":23},"end":{"line":89,"column":73}},"33":{"start":{"line":90,"column":31},"end":{"line":90,"column":72}},"34":{"start":{"line":92,"column":2},"end":{"line":98,"column":3}},"35":{"start":{"line":93,"column":4},"end":{"line":97,"column":6}},"36":{"start":{"line":100,"column":2},"end":{"line":106,"column":3}},"37":{"start":{"line":101,"column":4},"end":{"line":105,"column":6}},"38":{"start":{"line":108,"column":2},"end":{"line":112,"column":4}},"39":{"start":{"line":116,"column":2},"end":{"line":118,"column":3}},"40":{"start":{"line":117,"column":4},"end":{"line":117,"column":14}},"41":{"start":{"line":120,"column":2},"end":{"line":120,"column":44}},"42":{"start":{"line":124,"column":2},"end":{"line":126,"column":3}},"43":{"start":{"line":125,"column":4},"end":{"line":125,"column":14}},"44":{"start":{"line":128,"column":2},"end":{"line":128,"column":44}},"45":{"start":{"line":132,"column":20},"end":{"line":132,"column":47}},"46":{"start":{"line":134,"column":18},"end":{"line":137,"column":4}},"47":{"start":{"line":135,"column":22},"end":{"line":135,"column":50}},"48":{"start":{"line":136,"column":4},"end":{"line":136,"column":35}},"49":{"start":{"line":139,"column":2},"end":{"line":145,"column":3}},"50":{"start":{"line":140,"column":4},"end":{"line":144,"column":6}},"51":{"start":{"line":147,"column":2},"end":{"line":152,"column":4}},"52":{"start":{"line":156,"column":18},"end":{"line":156,"column":29}},"53":{"start":{"line":158,"column":25},"end":{"line":162,"column":4}},"54":{"start":{"line":159,"column":4},"end":{"line":161,"column":35}},"55":{"start":{"line":164,"column":23},"end":{"line":166,"column":7}},"56":{"start":{"line":165,"column":4},"end":{"line":165,"column":32}},"57":{"start":{"line":168,"column":2},"end":{"line":176,"column":4}}},"fnMap":{"0":{"name":"validarIdUsuario","decl":{"start":{"line":4,"column":16},"end":{"line":4,"column":32}},"loc":{"start":{"line":4,"column":41},"end":{"line":20,"column":1}},"line":4},"1":{"name":"filtrarClientesPorBusqueda","decl":{"start":{"line":22,"column":16},"end":{"line":22,"column":42}},"loc":{"start":{"line":22,"column":73},"end":{"line":36,"column":1}},"line":22},"2":{"name":"(anonymous_2)","decl":{"start":{"line":29,"column":25},"end":{"line":29,"column":26}},"loc":{"start":{"line":29,"column":38},"end":{"line":35,"column":3}},"line":29},"3":{"name":"ordenarClientesAlfabeticamente","decl":{"start":{"line":38,"column":16},"end":{"line":38,"column":46}},"loc":{"start":{"line":38,"column":62},"end":{"line":45,"column":1}},"line":38},"4":{"name":"(anonymous_4)","decl":{"start":{"line":39,"column":31},"end":{"line":39,"column":32}},"loc":{"start":{"line":39,"column":55},"end":{"line":44,"column":3}},"line":39},"5":{"name":"obtenerPagosPendientesOrdenados","decl":{"start":{"line":47,"column":16},"end":{"line":47,"column":47}},"loc":{"start":{"line":47,"column":60},"end":{"line":52,"column":1}},"line":47},"6":{"name":"(anonymous_6)","decl":{"start":{"line":49,"column":12},"end":{"line":49,"column":13}},"loc":{"start":{"line":49,"column":22},"end":{"line":49,"column":47}},"line":49},"7":{"name":"(anonymous_7)","decl":{"start":{"line":51,"column":10},"end":{"line":51,"column":11}},"loc":{"start":{"line":51,"column":20},"end":{"line":51,"column":63}},"line":51},"8":{"name":"calcularCuotaMensual","decl":{"start":{"line":54,"column":16},"end":{"line":54,"column":36}},"loc":{"start":{"line":54,"column":56},"end":{"line":63,"column":1}},"line":54},"9":{"name":"evaluarSolicitudCredito","decl":{"start":{"line":65,"column":16},"end":{"line":65,"column":39}},"loc":{"start":{"line":70,"column":3},"end":{"line":113,"column":1}},"line":70},"10":{"name":"obtenerNombreCliente","decl":{"start":{"line":115,"column":9},"end":{"line":115,"column":29}},"loc":{"start":{"line":115,"column":39},"end":{"line":121,"column":1}},"line":115},"11":{"name":"normalizarIdUsuario","decl":{"start":{"line":123,"column":9},"end":{"line":123,"column":28}},"loc":{"start":{"line":123,"column":36},"end":{"line":129,"column":1}},"line":123},"12":{"name":"buscarHistorialCreditoUsuario","decl":{"start":{"line":131,"column":16},"end":{"line":131,"column":45}},"loc":{"start":{"line":131,"column":74},"end":{"line":153,"column":1}},"line":131},"13":{"name":"(anonymous_13)","decl":{"start":{"line":134,"column":32},"end":{"line":134,"column":33}},"loc":{"start":{"line":134,"column":42},"end":{"line":137,"column":3}},"line":134},"14":{"name":"obtenerClientesConMora","decl":{"start":{"line":155,"column":16},"end":{"line":155,"column":38}},"loc":{"start":{"line":155,"column":95},"end":{"line":177,"column":1}},"line":155},"15":{"name":"(anonymous_15)","decl":{"start":{"line":158,"column":39},"end":{"line":158,"column":40}},"loc":{"start":{"line":158,"column":50},"end":{"line":162,"column":3}},"line":158},"16":{"name":"(anonymous_16)","decl":{"start":{"line":164,"column":45},"end":{"line":164,"column":46}},"loc":{"start":{"line":164,"column":63},"end":{"line":166,"column":3}},"line":164}},"branchMap":{"0":{"loc":{"start":{"line":5,"column":26},"end":{"line":5,"column":38}},"type":"binary-expr","locations":[{"start":{"line":5,"column":26},"end":{"line":5,"column":32}},{"start":{"line":5,"column":36},"end":{"line":5,"column":38}}],"line":5},"1":{"loc":{"start":{"line":7,"column":2},"end":{"line":13,"column":3}},"type":"if","locations":[{"start":{"line":7,"column":2},"end":{"line":13,"column":3}},{"start":{},"end":{}}],"line":7},"2":{"loc":{"start":{"line":22,"column":43},"end":{"line":22,"column":56}},"type":"default-arg","locations":[{"start":{"line":22,"column":54},"end":{"line":22,"column":56}}],"line":22},"3":{"loc":{"start":{"line":22,"column":58},"end":{"line":22,"column":71}},"type":"default-arg","locations":[{"start":{"line":22,"column":69},"end":{"line":22,"column":71}}],"line":22},"4":{"loc":{"start":{"line":23,"column":19},"end":{"line":23,"column":33}},"type":"binary-expr","locations":[{"start":{"line":23,"column":19},"end":{"line":23,"column":27}},{"start":{"line":23,"column":31},"end":{"line":23,"column":33}}],"line":23},"5":{"loc":{"start":{"line":25,"column":2},"end":{"line":27,"column":3}},"type":"if","locations":[{"start":{"line":25,"column":2},"end":{"line":27,"column":3}},{"start":{},"end":{}}],"line":25},"6":{"loc":{"start":{"line":30,"column":26},"end":{"line":30,"column":44}},"type":"binary-expr","locations":[{"start":{"line":30,"column":26},"end":{"line":30,"column":38}},{"start":{"line":30,"column":42},"end":{"line":30,"column":44}}],"line":30},"7":{"loc":{"start":{"line":31,"column":22},"end":{"line":31,"column":38}},"type":"binary-expr","locations":[{"start":{"line":31,"column":22},"end":{"line":31,"column":32}},{"start":{"line":31,"column":36},"end":{"line":31,"column":38}}],"line":31},"8":{"loc":{"start":{"line":32,"column":25},"end":{"line":32,"column":44}},"type":"binary-expr","locations":[{"start":{"line":32,"column":25},"end":{"line":32,"column":38}},{"start":{"line":32,"column":42},"end":{"line":32,"column":44}}],"line":32},"9":{"loc":{"start":{"line":34,"column":11},"end":{"line":34,"column":68}},"type":"binary-expr","locations":[{"start":{"line":34,"column":11},"end":{"line":34,"column":29}},{"start":{"line":34,"column":33},"end":{"line":34,"column":47}},{"start":{"line":34,"column":51},"end":{"line":34,"column":68}}],"line":34},"10":{"loc":{"start":{"line":38,"column":47},"end":{"line":38,"column":60}},"type":"default-arg","locations":[{"start":{"line":38,"column":58},"end":{"line":38,"column":60}}],"line":38},"11":{"loc":{"start":{"line":47,"column":48},"end":{"line":47,"column":58}},"type":"default-arg","locations":[{"start":{"line":47,"column":56},"end":{"line":47,"column":58}}],"line":47},"12":{"loc":{"start":{"line":58,"column":2},"end":{"line":60,"column":3}},"type":"if","locations":[{"start":{"line":58,"column":2},"end":{"line":60,"column":3}},{"start":{},"end":{}}],"line":58},"13":{"loc":{"start":{"line":58,"column":6},"end":{"line":58,"column":46}},"type":"binary-expr","locations":[{"start":{"line":58,"column":6},"end":{"line":58,"column":24}},{"start":{"line":58,"column":28},"end":{"line":58,"column":46}}],"line":58},"14":{"loc":{"start":{"line":76,"column":2},"end":{"line":87,"column":3}},"type":"if","locations":[{"start":{"line":76,"column":2},"end":{"line":87,"column":3}},{"start":{},"end":{}}],"line":76},"15":{"loc":{"start":{"line":77,"column":4},"end":{"line":80,"column":33}},"type":"binary-expr","locations":[{"start":{"line":77,"column":4},"end":{"line":77,"column":22}},{"start":{"line":78,"column":4},"end":{"line":78,"column":22}},{"start":{"line":79,"column":4},"end":{"line":79,"column":24}},{"start":{"line":80,"column":4},"end":{"line":80,"column":33}}],"line":77},"16":{"loc":{"start":{"line":92,"column":2},"end":{"line":98,"column":3}},"type":"if","locations":[{"start":{"line":92,"column":2},"end":{"line":98,"column":3}},{"start":{},"end":{}}],"line":92},"17":{"loc":{"start":{"line":100,"column":2},"end":{"line":106,"column":3}},"type":"if","locations":[{"start":{"line":100,"column":2},"end":{"line":106,"column":3}},{"start":{},"end":{}}],"line":100},"18":{"loc":{"start":{"line":116,"column":2},"end":{"line":118,"column":3}},"type":"if","locations":[{"start":{"line":116,"column":2},"end":{"line":118,"column":3}},{"start":{},"end":{}}],"line":116},"19":{"loc":{"start":{"line":124,"column":2},"end":{"line":126,"column":3}},"type":"if","locations":[{"start":{"line":124,"column":2},"end":{"line":126,"column":3}},{"start":{},"end":{}}],"line":124},"20":{"loc":{"start":{"line":124,"column":6},"end":{"line":124,"column":43}},"type":"binary-expr","locations":[{"start":{"line":124,"column":6},"end":{"line":124,"column":20}},{"start":{"line":124,"column":24},"end":{"line":124,"column":43}}],"line":124},"21":{"loc":{"start":{"line":131,"column":46},"end":{"line":131,"column":59}},"type":"default-arg","locations":[{"start":{"line":131,"column":57},"end":{"line":131,"column":59}}],"line":131},"22":{"loc":{"start":{"line":131,"column":61},"end":{"line":131,"column":72}},"type":"default-arg","locations":[{"start":{"line":131,"column":70},"end":{"line":131,"column":72}}],"line":131},"23":{"loc":{"start":{"line":139,"column":2},"end":{"line":145,"column":3}},"type":"if","locations":[{"start":{"line":139,"column":2},"end":{"line":145,"column":3}},{"start":{},"end":{}}],"line":139},"24":{"loc":{"start":{"line":155,"column":39},"end":{"line":155,"column":52}},"type":"default-arg","locations":[{"start":{"line":155,"column":50},"end":{"line":155,"column":52}}],"line":155},"25":{"loc":{"start":{"line":155,"column":54},"end":{"line":155,"column":65}},"type":"default-arg","locations":[{"start":{"line":155,"column":63},"end":{"line":155,"column":65}}],"line":155},"26":{"loc":{"start":{"line":155,"column":67},"end":{"line":155,"column":93}},"type":"default-arg","locations":[{"start":{"line":155,"column":81},"end":{"line":155,"column":93}}],"line":155},"27":{"loc":{"start":{"line":159,"column":11},"end":{"line":161,"column":34}},"type":"binary-expr","locations":[{"start":{"line":159,"column":11},"end":{"line":159,"column":41}},{"start":{"line":160,"column":6},"end":{"line":160,"column":32}},{"start":{"line":161,"column":6},"end":{"line":161,"column":34}}],"line":159}},"s":{"0":7,"1":7,"2":1,"3":1,"4":1,"5":0,"6":1,"7":1,"8":0,"9":1,"10":3,"11":3,"12":3,"13":3,"14":1,"15":3,"16":3,"17":3,"18":1,"19":3,"20":1,"21":1,"22":1,"23":1,"24":0,"25":1,"26":1,"27":1,"28":1,"29":1,"30":1,"31":0,"32":1,"33":1,"34":1,"35":0,"36":1,"37":0,"38":1,"39":6,"40":0,"41":6,"42":3,"43":0,"44":3,"45":1,"46":1,"47":2,"48":2,"49":1,"50":1,"51":0,"52":1,"53":1,"54":4,"55":1,"56":2,"57":1},"f":{"0":1,"1":1,"2":3,"3":1,"4":3,"5":1,"6":3,"7":1,"8":1,"9":1,"10":6,"11":3,"12":1,"13":2,"14":1,"15":4,"16":2},"b":{"0":[1,0],"1":[1,0],"2":[0],"3":[0],"4":[1,0],"5":[0,1],"6":[3,0],"7":[3,0],"8":[3,0],"9":[3,3,2],"10":[0],"11":[0],"12":[0,1],"13":[1,1],"14":[0,1],"15":[1,1,1,1],"16":[0,1],"17":[0,1],"18":[0,6],"19":[0,3],"20":[3,3],"21":[0],"22":[0],"23":[1,0],"24":[0],"25":[0],"26":[0],"27":[4,2,2]},"_coverageSchema":"1a1c01bbd47fc00a2c39e90264f33305004495a9","hash":"bbdc393148bb454bd5d6ed13bf346918322703df"}
}
