{"C:\\Users\\Hp\\Videos\\banco\\src\\App.jsx": {"path":"C:\\Users\\Hp\\Videos\\banco\\src\\App.jsx","statementMap":{"0":{"start":{"line":12,"column":26},"end":{"line":12,"column":48}},"1":{"start":{"line":16,"column":4},"end":{"line":16,"column":57}},"2":{"start":{"line":16,"column":31},"end":{"line":16,"column":57}},"3":{"start":{"line":18,"column":4},"end":{"line":18,"column":49}},"4":{"start":{"line":18,"column":27},"end":{"line":18,"column":49}},"5":{"start":{"line":20,"column":4},"end":{"line":20,"column":26}},"6":{"start":{"line":23,"column":2},"end":{"line":50,"column":4}},"7":{"start":{"line":33,"column":31},"end":{"line":33,"column":52}},"8":{"start":{"line":37,"column":31},"end":{"line":37,"column":48}},"9":{"start":{"line":41,"column":31},"end":{"line":41,"column":48}}},"fnMap":{"0":{"name":"App","decl":{"start":{"line":11,"column":24},"end":{"line":11,"column":27}},"loc":{"start":{"line":11,"column":30},"end":{"line":51,"column":1}},"line":11},"1":{"name":"renderPage","decl":{"start":{"line":14,"column":11},"end":{"line":14,"column":21}},"loc":{"start":{"line":14,"column":24},"end":{"line":21,"column":3}},"line":14},"2":{"name":"(anonymous_2)","decl":{"start":{"line":33,"column":25},"end":{"line":33,"column":26}},"loc":{"start":{"line":33,"column":31},"end":{"line":33,"column":52}},"line":33},"3":{"name":"(anonymous_3)","decl":{"start":{"line":37,"column":25},"end":{"line":37,"column":26}},"loc":{"start":{"line":37,"column":31},"end":{"line":37,"column":48}},"line":37},"4":{"name":"(anonymous_4)","decl":{"start":{"line":41,"column":25},"end":{"line":41,"column":26}},"loc":{"start":{"line":41,"column":31},"end":{"line":41,"column":48}},"line":41}},"branchMap":{"0":{"loc":{"start":{"line":16,"column":4},"end":{"line":16,"column":57}},"type":"if","locations":[{"start":{"line":16,"column":4},"end":{"line":16,"column":57}},{"start":{},"end":{}}],"line":16},"1":{"loc":{"start":{"line":18,"column":4},"end":{"line":18,"column":49}},"type":"if","locations":[{"start":{"line":18,"column":4},"end":{"line":18,"column":49}},{"start":{},"end":{}}],"line":18}},"s":{"0":4,"1":4,"2":2,"3":2,"4":1,"5":1,"6":4,"7":1,"8":1,"9":1},"f":{"0":4,"1":4,"2":1,"3":1,"4":1},"b":{"0":[2,2],"1":[1,1]},"_coverageSchema":"1a1c01bbd47fc00a2c39e90264f33305004495a9","hash":"84d15469a08ce1384466a99a08e33b74c2e45cc7"}
,"C:\\Users\\Hp\\Videos\\banco\\src\\pages\\ClientPage.jsx": {"path":"C:\\Users\\Hp\\Videos\\banco\\src\\pages\\ClientPage.jsx","statementMap":{"0":{"start":{"line":12,"column":32},"end":{"line":12,"column":44}},"1":{"start":{"line":13,"column":46},"end":{"line":13,"column":61}},"2":{"start":{"line":14,"column":42},"end":{"line":14,"column":54}},"3":{"start":{"line":16,"column":50},"end":{"line":16,"column":62}},"4":{"start":{"line":18,"column":48},"end":{"line":18,"column":60}},"5":{"start":{"line":19,"column":48},"end":{"line":19,"column":63}},"6":{"start":{"line":20,"column":44},"end":{"line":20,"column":56}},"7":{"start":{"line":22,"column":2},"end":{"line":48,"column":9}},"8":{"start":{"line":24,"column":6},"end":{"line":24,"column":30}},"9":{"start":{"line":25,"column":6},"end":{"line":25,"column":26}},"10":{"start":{"line":27,"column":30},"end":{"line":30,"column":43}},"11":{"start":{"line":32,"column":6},"end":{"line":42,"column":7}},"12":{"start":{"line":33,"column":8},"end":{"line":33,"column":39}},"13":{"start":{"line":34,"column":8},"end":{"line":34,"column":23}},"14":{"start":{"line":36,"column":21},"end":{"line":36,"column":31}},"15":{"start":{"line":37,"column":8},"end":{"line":37,"column":25}},"16":{"start":{"line":39,"column":8},"end":{"line":41,"column":9}},"17":{"start":{"line":40,"column":10},"end":{"line":40,"column":42}},"18":{"start":{"line":44,"column":6},"end":{"line":44,"column":31}},"19":{"start":{"line":47,"column":4},"end":{"line":47,"column":18}},"20":{"start":{"line":50,"column":2},"end":{"line":79,"column":25}},"21":{"start":{"line":52,"column":6},"end":{"line":55,"column":7}},"22":{"start":{"line":53,"column":8},"end":{"line":53,"column":31}},"23":{"start":{"line":54,"column":8},"end":{"line":54,"column":15}},"24":{"start":{"line":57,"column":6},"end":{"line":57,"column":31}},"25":{"start":{"line":58,"column":6},"end":{"line":58,"column":27}},"26":{"start":{"line":61,"column":30},"end":{"line":66,"column":47}},"27":{"start":{"line":68,"column":6},"end":{"line":73,"column":7}},"28":{"start":{"line":69,"column":8},"end":{"line":69,"column":40}},"29":{"start":{"line":70,"column":8},"end":{"line":70,"column":31}},"30":{"start":{"line":72,"column":8},"end":{"line":72,"column":39}},"31":{"start":{"line":75,"column":6},"end":{"line":75,"column":32}},"32":{"start":{"line":78,"column":4},"end":{"line":78,"column":26}},"33":{"start":{"line":82,"column":25},"end":{"line":82,"column":71}},"34":{"start":{"line":82,"column":45},"end":{"line":82,"column":70}},"35":{"start":{"line":84,"column":2},"end":{"line":165,"column":4}},"36":{"start":{"line":108,"column":29},"end":{"line":108,"column":64}},"37":{"start":{"line":112,"column":14},"end":{"line":114,"column":23}},"38":{"start":{"line":149,"column":14},"end":{"line":159,"column":19}}},"fnMap":{"0":{"name":"ClientPage","decl":{"start":{"line":11,"column":24},"end":{"line":11,"column":34}},"loc":{"start":{"line":11,"column":37},"end":{"line":166,"column":1}},"line":11},"1":{"name":"(anonymous_1)","decl":{"start":{"line":22,"column":12},"end":{"line":22,"column":13}},"loc":{"start":{"line":22,"column":18},"end":{"line":48,"column":3}},"line":22},"2":{"name":"loadClients","decl":{"start":{"line":23,"column":19},"end":{"line":23,"column":30}},"loc":{"start":{"line":23,"column":33},"end":{"line":45,"column":5}},"line":23},"3":{"name":"(anonymous_3)","decl":{"start":{"line":50,"column":12},"end":{"line":50,"column":13}},"loc":{"start":{"line":50,"column":18},"end":{"line":79,"column":3}},"line":50},"4":{"name":"loadPendingPayments","decl":{"start":{"line":51,"column":19},"end":{"line":51,"column":38}},"loc":{"start":{"line":51,"column":41},"end":{"line":76,"column":5}},"line":51},"5":{"name":"(anonymous_5)","decl":{"start":{"line":82,"column":38},"end":{"line":82,"column":39}},"loc":{"start":{"line":82,"column":45},"end":{"line":82,"column":70}},"line":82},"6":{"name":"(anonymous_6)","decl":{"start":{"line":108,"column":22},"end":{"line":108,"column":23}},"loc":{"start":{"line":108,"column":29},"end":{"line":108,"column":64}},"line":108},"7":{"name":"(anonymous_7)","decl":{"start":{"line":111,"column":25},"end":{"line":111,"column":26}},"loc":{"start":{"line":112,"column":14},"end":{"line":114,"column":23}},"line":112},"8":{"name":"(anonymous_8)","decl":{"start":{"line":148,"column":33},"end":{"line":148,"column":34}},"loc":{"start":{"line":149,"column":14},"end":{"line":159,"column":19}},"line":149}},"branchMap":{"0":{"loc":{"start":{"line":32,"column":6},"end":{"line":42,"column":7}},"type":"if","locations":[{"start":{"line":32,"column":6},"end":{"line":42,"column":7}},{"start":{"line":35,"column":13},"end":{"line":42,"column":7}}],"line":32},"1":{"loc":{"start":{"line":36,"column":21},"end":{"line":36,"column":31}},"type":"binary-expr","locations":[{"start":{"line":36,"column":21},"end":{"line":36,"column":25}},{"start":{"line":36,"column":29},"end":{"line":36,"column":31}}],"line":36},"2":{"loc":{"start":{"line":39,"column":8},"end":{"line":41,"column":9}},"type":"if","locations":[{"start":{"line":39,"column":8},"end":{"line":41,"column":9}},{"start":{},"end":{}}],"line":39},"3":{"loc":{"start":{"line":52,"column":6},"end":{"line":55,"column":7}},"type":"if","locations":[{"start":{"line":52,"column":6},"end":{"line":55,"column":7}},{"start":{},"end":{}}],"line":52},"4":{"loc":{"start":{"line":68,"column":6},"end":{"line":73,"column":7}},"type":"if","locations":[{"start":{"line":68,"column":6},"end":{"line":73,"column":7}},{"start":{"line":71,"column":13},"end":{"line":73,"column":7}}],"line":68},"5":{"loc":{"start":{"line":72,"column":27},"end":{"line":72,"column":37}},"type":"binary-expr","locations":[{"start":{"line":72,"column":27},"end":{"line":72,"column":31}},{"start":{"line":72,"column":35},"end":{"line":72,"column":37}}],"line":72},"6":{"loc":{"start":{"line":95,"column":9},"end":{"line":117,"column":9}},"type":"cond-expr","locations":[{"start":{"line":96,"column":10},"end":{"line":96,"column":66}},{"start":{"line":97,"column":12},"end":{"line":117,"column":9}}],"line":95},"7":{"loc":{"start":{"line":97,"column":12},"end":{"line":117,"column":9}},"type":"cond-expr","locations":[{"start":{"line":98,"column":10},"end":{"line":100,"column":16}},{"start":{"line":101,"column":12},"end":{"line":117,"column":9}}],"line":97},"8":{"loc":{"start":{"line":101,"column":12},"end":{"line":117,"column":9}},"type":"cond-expr","locations":[{"start":{"line":102,"column":10},"end":{"line":104,"column":16}},{"start":{"line":106,"column":10},"end":{"line":116,"column":19}}],"line":101},"9":{"loc":{"start":{"line":113,"column":26},"end":{"line":113,"column":55}},"type":"cond-expr","locations":[{"start":{"line":113,"column":36},"end":{"line":113,"column":50}},{"start":{"line":113,"column":53},"end":{"line":113,"column":55}}],"line":113},"10":{"loc":{"start":{"line":124,"column":9},"end":{"line":132,"column":9}},"type":"cond-expr","locations":[{"start":{"line":125,"column":10},"end":{"line":127,"column":14}},{"start":{"line":129,"column":10},"end":{"line":131,"column":14}}],"line":124},"11":{"loc":{"start":{"line":134,"column":9},"end":{"line":162,"column":9}},"type":"cond-expr","locations":[{"start":{"line":135,"column":10},"end":{"line":137,"column":16}},{"start":{"line":138,"column":12},"end":{"line":162,"column":9}}],"line":134},"12":{"loc":{"start":{"line":138,"column":12},"end":{"line":162,"column":9}},"type":"cond-expr","locations":[{"start":{"line":139,"column":10},"end":{"line":141,"column":16}},{"start":{"line":142,"column":12},"end":{"line":162,"column":9}}],"line":138},"13":{"loc":{"start":{"line":142,"column":12},"end":{"line":162,"column":9}},"type":"cond-expr","locations":[{"start":{"line":143,"column":10},"end":{"line":145,"column":16}},{"start":{"line":147,"column":10},"end":{"line":161,"column":15}}],"line":142},"14":{"loc":{"start":{"line":157,"column":41},"end":{"line":157,"column":75}},"type":"binary-expr","locations":[{"start":{"line":157,"column":41},"end":{"line":157,"column":54}},{"start":{"line":157,"column":58},"end":{"line":157,"column":75}}],"line":157}},"s":{"0":4,"1":4,"2":4,"3":4,"4":4,"5":4,"6":4,"7":4,"8":1,"9":1,"10":1,"11":1,"12":0,"13":0,"14":1,"15":1,"16":1,"17":1,"18":1,"19":1,"20":4,"21":2,"22":1,"23":1,"24":1,"25":1,"26":1,"27":1,"28":0,"29":0,"30":1,"31":1,"32":2,"33":4,"34":2,"35":4,"36":0,"37":2,"38":1},"f":{"0":4,"1":1,"2":1,"3":2,"4":2,"5":2,"6":0,"7":2,"8":1},"b":{"0":[0,1],"1":[1,0],"2":[1,0],"3":[1,1],"4":[0,1],"5":[1,0],"6":[1,3],"7":[0,3],"8":[1,2],"9":[2,0],"10":[2,2],"11":[0,4],"12":[0,4],"13":[3,1],"14":[1,0]},"_coverageSchema":"1a1c01bbd47fc00a2c39e90264f33305004495a9","hash":"a82a6ca44fcfa8887dbb384dfefa6411fcc65f49"}
,"C:\\Users\\Hp\\Videos\\banco\\src\\pages\\SupervisorPage.jsx": {"path":"C:\\Users\\Hp\\Videos\\banco\\src\\pages\\SupervisorPage.jsx","statementMap":{"0":{"start":{"line":5,"column":30},"end":{"line":5,"column":42}},"1":{"start":{"line":6,"column":32},"end":{"line":6,"column":46}},"2":{"start":{"line":7,"column":34},"end":{"line":7,"column":46}},"3":{"start":{"line":9,"column":32},"end":{"line":9,"column":44}},"4":{"start":{"line":10,"column":46},"end":{"line":10,"column":61}},"5":{"start":{"line":11,"column":42},"end":{"line":11,"column":54}},"6":{"start":{"line":13,"column":40},"end":{"line":13,"column":52}},"7":{"start":{"line":15,"column":2},"end":{"line":36,"column":9}},"8":{"start":{"line":17,"column":6},"end":{"line":17,"column":30}},"9":{"start":{"line":18,"column":6},"end":{"line":18,"column":26}},"10":{"start":{"line":20,"column":30},"end":{"line":23,"column":43}},"11":{"start":{"line":25,"column":6},"end":{"line":30,"column":7}},"12":{"start":{"line":26,"column":8},"end":{"line":26,"column":39}},"13":{"start":{"line":27,"column":8},"end":{"line":27,"column":23}},"14":{"start":{"line":29,"column":8},"end":{"line":29,"column":31}},"15":{"start":{"line":32,"column":6},"end":{"line":32,"column":31}},"16":{"start":{"line":35,"column":4},"end":{"line":35,"column":18}},"17":{"start":{"line":38,"column":26},"end":{"line":47,"column":28}},"18":{"start":{"line":39,"column":14},"end":{"line":39,"column":46}},"19":{"start":{"line":40,"column":4},"end":{"line":40,"column":27}},"20":{"start":{"line":40,"column":12},"end":{"line":40,"column":27}},"21":{"start":{"line":42,"column":4},"end":{"line":46,"column":7}},"22":{"start":{"line":43,"column":24},"end":{"line":43,"column":64}},"23":{"start":{"line":44,"column":22},"end":{"line":44,"column":60}},"24":{"start":{"line":45,"column":6},"end":{"line":45,"column":34}},"25":{"start":{"line":50,"column":4},"end":{"line":50,"column":20}},"26":{"start":{"line":51,"column":4},"end":{"line":51,"column":21}},"27":{"start":{"line":53,"column":20},"end":{"line":53,"column":33}},"28":{"start":{"line":54,"column":4},"end":{"line":57,"column":5}},"29":{"start":{"line":55,"column":6},"end":{"line":55,"column":47}},"30":{"start":{"line":56,"column":6},"end":{"line":56,"column":13}},"31":{"start":{"line":59,"column":28},"end":{"line":63,"column":20}},"32":{"start":{"line":65,"column":4},"end":{"line":68,"column":5}},"33":{"start":{"line":66,"column":6},"end":{"line":66,"column":43}},"34":{"start":{"line":67,"column":6},"end":{"line":67,"column":13}},"35":{"start":{"line":70,"column":4},"end":{"line":73,"column":5}},"36":{"start":{"line":71,"column":6},"end":{"line":71,"column":59}},"37":{"start":{"line":72,"column":6},"end":{"line":72,"column":13}},"38":{"start":{"line":75,"column":4},"end":{"line":75,"column":51}},"39":{"start":{"line":78,"column":2},"end":{"line":170,"column":4}},"40":{"start":{"line":89,"column":27},"end":{"line":89,"column":52}},"41":{"start":{"line":135,"column":25},"end":{"line":135,"column":55}},"42":{"start":{"line":156,"column":14},"end":{"line":164,"column":19}}},"fnMap":{"0":{"name":"App","decl":{"start":{"line":4,"column":24},"end":{"line":4,"column":27}},"loc":{"start":{"line":4,"column":30},"end":{"line":171,"column":1}},"line":4},"1":{"name":"(anonymous_1)","decl":{"start":{"line":15,"column":12},"end":{"line":15,"column":13}},"loc":{"start":{"line":15,"column":18},"end":{"line":36,"column":3}},"line":15},"2":{"name":"loadClients","decl":{"start":{"line":16,"column":19},"end":{"line":16,"column":30}},"loc":{"start":{"line":16,"column":33},"end":{"line":33,"column":5}},"line":16},"3":{"name":"(anonymous_3)","decl":{"start":{"line":38,"column":34},"end":{"line":38,"column":35}},"loc":{"start":{"line":38,"column":40},"end":{"line":47,"column":3}},"line":38},"4":{"name":"(anonymous_4)","decl":{"start":{"line":42,"column":26},"end":{"line":42,"column":27}},"loc":{"start":{"line":42,"column":33},"end":{"line":46,"column":5}},"line":42},"5":{"name":"openHistory","decl":{"start":{"line":49,"column":17},"end":{"line":49,"column":28}},"loc":{"start":{"line":49,"column":31},"end":{"line":76,"column":3}},"line":49},"6":{"name":"(anonymous_6)","decl":{"start":{"line":89,"column":20},"end":{"line":89,"column":21}},"loc":{"start":{"line":89,"column":27},"end":{"line":89,"column":52}},"line":89},"7":{"name":"(anonymous_7)","decl":{"start":{"line":135,"column":18},"end":{"line":135,"column":19}},"loc":{"start":{"line":135,"column":25},"end":{"line":135,"column":55}},"line":135},"8":{"name":"(anonymous_8)","decl":{"start":{"line":155,"column":33},"end":{"line":155,"column":34}},"loc":{"start":{"line":156,"column":14},"end":{"line":164,"column":19}},"line":156}},"branchMap":{"0":{"loc":{"start":{"line":25,"column":6},"end":{"line":30,"column":7}},"type":"if","locations":[{"start":{"line":25,"column":6},"end":{"line":30,"column":7}},{"start":{"line":28,"column":13},"end":{"line":30,"column":7}}],"line":25},"1":{"loc":{"start":{"line":29,"column":19},"end":{"line":29,"column":29}},"type":"binary-expr","locations":[{"start":{"line":29,"column":19},"end":{"line":29,"column":23}},{"start":{"line":29,"column":27},"end":{"line":29,"column":29}}],"line":29},"2":{"loc":{"start":{"line":40,"column":4},"end":{"line":40,"column":27}},"type":"if","locations":[{"start":{"line":40,"column":4},"end":{"line":40,"column":27}},{"start":{},"end":{}}],"line":40},"3":{"loc":{"start":{"line":43,"column":25},"end":{"line":43,"column":37}},"type":"binary-expr","locations":[{"start":{"line":43,"column":25},"end":{"line":43,"column":31}},{"start":{"line":43,"column":35},"end":{"line":43,"column":37}}],"line":43},"4":{"loc":{"start":{"line":44,"column":23},"end":{"line":44,"column":33}},"type":"binary-expr","locations":[{"start":{"line":44,"column":23},"end":{"line":44,"column":27}},{"start":{"line":44,"column":31},"end":{"line":44,"column":33}}],"line":44},"5":{"loc":{"start":{"line":45,"column":13},"end":{"line":45,"column":33}},"type":"binary-expr","locations":[{"start":{"line":45,"column":13},"end":{"line":45,"column":22}},{"start":{"line":45,"column":26},"end":{"line":45,"column":33}}],"line":45},"6":{"loc":{"start":{"line":54,"column":4},"end":{"line":57,"column":5}},"type":"if","locations":[{"start":{"line":54,"column":4},"end":{"line":57,"column":5}},{"start":{},"end":{}}],"line":54},"7":{"loc":{"start":{"line":65,"column":4},"end":{"line":68,"column":5}},"type":"if","locations":[{"start":{"line":65,"column":4},"end":{"line":68,"column":5}},{"start":{},"end":{}}],"line":65},"8":{"loc":{"start":{"line":70,"column":4},"end":{"line":73,"column":5}},"type":"if","locations":[{"start":{"line":70,"column":4},"end":{"line":73,"column":5}},{"start":{},"end":{}}],"line":70},"9":{"loc":{"start":{"line":98,"column":7},"end":{"line":111,"column":7}},"type":"binary-expr","locations":[{"start":{"line":98,"column":7},"end":{"line":98,"column":15}},{"start":{"line":99,"column":8},"end":{"line":110,"column":14}}],"line":98},"10":{"loc":{"start":{"line":113,"column":7},"end":{"line":125,"column":7}},"type":"binary-expr","locations":[{"start":{"line":113,"column":7},"end":{"line":113,"column":14}},{"start":{"line":114,"column":8},"end":{"line":124,"column":14}}],"line":113},"11":{"loc":{"start":{"line":141,"column":9},"end":{"line":167,"column":9}},"type":"cond-expr","locations":[{"start":{"line":142,"column":10},"end":{"line":144,"column":16}},{"start":{"line":145,"column":12},"end":{"line":167,"column":9}}],"line":141},"12":{"loc":{"start":{"line":145,"column":12},"end":{"line":167,"column":9}},"type":"cond-expr","locations":[{"start":{"line":146,"column":10},"end":{"line":148,"column":16}},{"start":{"line":149,"column":12},"end":{"line":167,"column":9}}],"line":145},"13":{"loc":{"start":{"line":149,"column":12},"end":{"line":167,"column":9}},"type":"cond-expr","locations":[{"start":{"line":150,"column":10},"end":{"line":152,"column":16}},{"start":{"line":154,"column":10},"end":{"line":166,"column":15}}],"line":149},"14":{"loc":{"start":{"line":162,"column":46},"end":{"line":162,"column":75}},"type":"binary-expr","locations":[{"start":{"line":162,"column":46},"end":{"line":162,"column":58}},{"start":{"line":162,"column":62},"end":{"line":162,"column":75}}],"line":162}},"s":{"0":17,"1":17,"2":17,"3":17,"4":17,"5":17,"6":17,"7":17,"8":3,"9":3,"10":3,"11":3,"12":0,"13":0,"14":3,"15":3,"16":3,"17":17,"18":9,"19":9,"20":6,"21":3,"22":6,"23":6,"24":6,"25":2,"26":2,"27":2,"28":2,"29":1,"30":1,"31":1,"32":1,"33":0,"34":0,"35":1,"36":0,"37":0,"38":1,"39":17,"40":2,"41":3,"42":6},"f":{"0":17,"1":3,"2":3,"3":9,"4":6,"5":2,"6":2,"7":3,"8":6},"b":{"0":[0,3],"1":[3,0],"2":[6,3],"3":[6,0],"4":[6,0],"5":[6,2],"6":[1,1],"7":[0,1],"8":[0,1],"9":[17,1],"10":[17,1],"11":[3,14],"12":[0,14],"13":[10,4],"14":[6,0]},"_coverageSchema":"1a1c01bbd47fc00a2c39e90264f33305004495a9","hash":"51a57a255cf4f84ace44796b501818d016fec249"}
,"C:\\Users\\Hp\\Videos\\banco\\src\\pages\\WorkerPage.jsx": {"path":"C:\\Users\\Hp\\Videos\\banco\\src\\pages\\WorkerPage.jsx","statementMap":{"0":{"start":{"line":4,"column":2},"end":{"line":24,"column":4}},"1":{"start":{"line":20,"column":29},"end":{"line":20,"column":66}}},"fnMap":{"0":{"name":"WorkerPage","decl":{"start":{"line":3,"column":24},"end":{"line":3,"column":34}},"loc":{"start":{"line":3,"column":37},"end":{"line":25,"column":1}},"line":3},"1":{"name":"(anonymous_1)","decl":{"start":{"line":20,"column":23},"end":{"line":20,"column":24}},"loc":{"start":{"line":20,"column":29},"end":{"line":20,"column":66}},"line":20}},"branchMap":{},"s":{"0":1,"1":1},"f":{"0":1,"1":1},"b":{},"_coverageSchema":"1a1c01bbd47fc00a2c39e90264f33305004495a9","hash":"cb4604d8ffa02a8d87dc9fa86911de303b04b6cb"}
}
