TN:
SF:src\App.jsx
FN:11,App
FN:14,renderPage
FN:33,(anonymous_2)
FN:37,(anonymous_3)
FN:41,(anonymous_4)
FNF:5
FNH:5
FNDA:4,App
FNDA:4,renderPage
FNDA:1,(anonymous_2)
FNDA:1,(anonymous_3)
FNDA:1,(anonymous_4)
DA:12,4
DA:16,4
DA:18,2
DA:20,1
DA:23,4
DA:33,1
DA:37,1
DA:41,1
LF:8
LH:8
BRDA:16,0,0,2
BRDA:16,0,1,2
BRDA:18,1,0,1
BRDA:18,1,1,1
BRF:4
BRH:4
end_of_record
TN:
SF:src\pages\ClientPage.jsx
FN:11,ClientPage
FN:22,(anonymous_1)
FN:23,loadClients
FN:50,(anonymous_3)
FN:51,loadPendingPayments
FN:82,(anonymous_5)
FN:108,(anonymous_6)
FN:111,(anonymous_7)
FN:148,(anonymous_8)
FNF:9
FNH:8
FNDA:4,ClientPage
FNDA:1,(anonymous_1)
FNDA:1,loadClients
FNDA:2,(anonymous_3)
FNDA:2,loadPendingPayments
FNDA:2,(anonymous_5)
FNDA:0,(anonymous_6)
FNDA:2,(anonymous_7)
FNDA:1,(anonymous_8)
DA:12,4
DA:13,4
DA:14,4
DA:16,4
DA:18,4
DA:19,4
DA:20,4
DA:22,4
DA:24,1
DA:25,1
DA:27,1
DA:32,1
DA:33,0
DA:34,0
DA:36,1
DA:37,1
DA:39,1
DA:40,1
DA:44,1
DA:47,1
DA:50,4
DA:52,2
DA:53,1
DA:54,1
DA:57,1
DA:58,1
DA:61,1
DA:68,1
DA:69,0
DA:70,0
DA:72,1
DA:75,1
DA:78,2
DA:82,4
DA:84,4
DA:108,0
DA:112,2
DA:149,1
LF:38
LH:33
BRDA:32,0,0,0
BRDA:32,0,1,1
BRDA:36,1,0,1
BRDA:36,1,1,0
BRDA:39,2,0,1
BRDA:39,2,1,0
BRDA:52,3,0,1
BRDA:52,3,1,1
BRDA:68,4,0,0
BRDA:68,4,1,1
BRDA:72,5,0,1
BRDA:72,5,1,0
BRDA:95,6,0,1
BRDA:95,6,1,3
BRDA:97,7,0,0
BRDA:97,7,1,3
BRDA:101,8,0,1
BRDA:101,8,1,2
BRDA:113,9,0,2
BRDA:113,9,1,0
BRDA:124,10,0,2
BRDA:124,10,1,2
BRDA:134,11,0,0
BRDA:134,11,1,4
BRDA:138,12,0,0
BRDA:138,12,1,4
BRDA:142,13,0,3
BRDA:142,13,1,1
BRDA:157,14,0,1
BRDA:157,14,1,0
BRF:30
BRH:20
end_of_record
TN:
SF:src\pages\SupervisorPage.jsx
FN:4,App
FN:15,(anonymous_1)
FN:16,loadClients
FN:38,(anonymous_3)
FN:42,(anonymous_4)
FN:49,openHistory
FN:89,(anonymous_6)
FN:135,(anonymous_7)
FN:155,(anonymous_8)
FNF:9
FNH:9
FNDA:17,App
FNDA:3,(anonymous_1)
FNDA:3,loadClients
FNDA:9,(anonymous_3)
FNDA:6,(anonymous_4)
FNDA:2,openHistory
FNDA:2,(anonymous_6)
FNDA:3,(anonymous_7)
FNDA:6,(anonymous_8)
DA:5,17
DA:6,17
DA:7,17
DA:9,17
DA:10,17
DA:11,17
DA:13,17
DA:15,17
DA:17,3
DA:18,3
DA:20,3
DA:25,3
DA:26,0
DA:27,0
DA:29,3
DA:32,3
DA:35,3
DA:38,17
DA:39,9
DA:40,9
DA:42,3
DA:43,6
DA:44,6
DA:45,6
DA:50,2
DA:51,2
DA:53,2
DA:54,2
DA:55,1
DA:56,1
DA:59,1
DA:65,1
DA:66,0
DA:67,0
DA:70,1
DA:71,0
DA:72,0
DA:75,1
DA:78,17
DA:89,2
DA:135,3
DA:156,6
LF:42
LH:36
BRDA:25,0,0,0
BRDA:25,0,1,3
BRDA:29,1,0,3
BRDA:29,1,1,0
BRDA:40,2,0,6
BRDA:40,2,1,3
BRDA:43,3,0,6
BRDA:43,3,1,0
BRDA:44,4,0,6
BRDA:44,4,1,0
BRDA:45,5,0,6
BRDA:45,5,1,2
BRDA:54,6,0,1
BRDA:54,6,1,1
BRDA:65,7,0,0
BRDA:65,7,1,1
BRDA:70,8,0,0
BRDA:70,8,1,1
BRDA:98,9,0,17
BRDA:98,9,1,1
BRDA:113,10,0,17
BRDA:113,10,1,1
BRDA:141,11,0,3
BRDA:141,11,1,14
BRDA:145,12,0,0
BRDA:145,12,1,14
BRDA:149,13,0,10
BRDA:149,13,1,4
BRDA:162,14,0,6
BRDA:162,14,1,0
BRF:30
BRH:22
end_of_record
TN:
SF:src\pages\WorkerPage.jsx
FN:3,WorkerPage
FN:20,(anonymous_1)
FNF:2
FNH:2
FNDA:1,WorkerPage
FNDA:1,(anonymous_1)
DA:4,1
DA:20,1
LF:2
LH:2
BRF:0
BRH:0
end_of_record
