TN:
SF:src\logica\reglasBanco.js
FN:4,validarIdUsuario
FN:22,filtrarClientesPorBusqueda
FN:29,(anonymous_2)
FN:38,obtenerPagosPendientesOrdenados
FN:40,(anonymous_4)
FN:42,(anonymous_5)
FN:45,calcularCuotaMensual
FN:56,evaluarSolicitudCredito
FNF:8
FNH:8
FNDA:1,validarIdUsuario
FNDA:1,filtrarClientesPorBusqueda
FNDA:3,(anonymous_2)
FNDA:1,obtenerPagosPendientesOrdenados
FNDA:3,(anonymous_4)
FNDA:1,(anonymous_5)
FNDA:1,calcularCuotaMensual
FNDA:1,evaluarSolicitudCredito
DA:1,4
DA:2,4
DA:5,1
DA:7,1
DA:8,1
DA:15,0
DA:23,1
DA:25,1
DA:26,0
DA:29,1
DA:30,3
DA:31,3
DA:32,3
DA:34,3
DA:39,1
DA:40,3
DA:42,1
DA:46,1
DA:47,1
DA:49,1
DA:50,0
DA:53,1
DA:62,1
DA:63,1
DA:64,1
DA:65,1
DA:67,1
DA:73,0
DA:80,1
DA:81,1
DA:83,1
DA:84,0
DA:91,1
DA:92,0
DA:99,1
LF:35
LH:29
BRDA:5,0,0,1
BRDA:5,0,1,0
BRDA:7,1,0,1
BRDA:7,1,1,0
BRDA:22,2,0,0
BRDA:22,3,0,0
BRDA:23,4,0,1
BRDA:23,4,1,0
BRDA:25,5,0,0
BRDA:25,5,1,1
BRDA:30,6,0,3
BRDA:30,6,1,0
BRDA:31,7,0,3
BRDA:31,7,1,0
BRDA:32,8,0,3
BRDA:32,8,1,0
BRDA:34,9,0,3
BRDA:34,9,1,3
BRDA:34,9,2,2
BRDA:38,10,0,0
BRDA:49,11,0,0
BRDA:49,11,1,1
BRDA:49,12,0,1
BRDA:49,12,1,1
BRDA:67,13,0,0
BRDA:67,13,1,1
BRDA:68,14,0,1
BRDA:68,14,1,1
BRDA:68,14,2,1
BRDA:68,14,3,1
BRDA:83,15,0,0
BRDA:83,15,1,1
BRDA:91,16,0,0
BRDA:91,16,1,1
BRF:34
BRH:20
end_of_record
